<?xml version="1.0" encoding="UTF-8"?>
<!-- Generated by org.testng.reporters.JUnitReportReporter -->
<testsuite skipped="0" hostname="DESKTOP-LLLGMOJ" name="day11.testngsamples.Example_Param1" tests="5" failures="0" timestamp="2022-05-09T20:30:46 IST" time="0.010" errors="0">
  <testcase name="param1" time="0.001" classname="day11.testngsamples.Example_Param1"/>
  <system-out/>
  <testcase name="param1" time="0.001" classname="day11.testngsamples.Example_Param1"/>
  <system-out/>
  <testcase name="param1" time="0.001" classname="day11.testngsamples.Example_Param1"/>
  <system-out/>
  <testcase name="param1" time="0.007" classname="day11.testngsamples.Example_Param1"/>
  <system-out/>
  <testcase name="param1" time="0.000" classname="day11.testngsamples.Example_Param1"/>
  <system-out/>
</testsuite> <!-- day11.testngsamples.Example_Param1 -->
