<?xml version="1.0" encoding="UTF-8"?>
<!-- Generated by org.testng.reporters.JUnitReportReporter -->
<testsuite skipped="0" hostname="DESKTOP-LLLGMOJ" name="day22.testngadvxml.Parameterization" tests="4" failures="0" timestamp="2022-05-09T20:41:56 IST" time="15.513" errors="0">
  <testcase name="testCaseOne" time="0.009" classname="day22.testngadvxml.Parameterization"/>
  <system-out/>
  <testcase name="testCaseTwo" time="0.004" classname="day22.testngadvxml.Parameterization"/>
  <system-out/>
  <testcase name="testCaseThree" time="0.005" classname="day22.testngadvxml.Parameterization"/>
  <system-out/>
  <testcase name="testLoginOfVtiger" time="15.495" classname="day22.testngadvxml.Parameterization"/>
  <system-out/>
</testsuite> <!-- day22.testngadvxml.Parameterization -->
