<?xml version="1.0" encoding="UTF-8"?>
<!-- Generated by org.testng.reporters.JUnitReportReporter -->
<testsuite skipped="0" hostname="DESKTOP-LLLGMOJ" name="day11.testngsamples.Example71" tests="1" failures="0" timestamp="2022-05-09T20:30:46 IST" time="8.793" errors="0">
  <testcase name="loginPageValidationInActitimeApplication" time="8.793" classname="day11.testngsamples.Example71"/>
  <system-out/>
</testsuite> <!-- day11.testngsamples.Example71 -->
