<?xml version="1.0" encoding="UTF-8"?>
<!-- Generated by org.testng.reporters.JUnitReportReporter -->
<testsuite hostname="DESKTOP-LLLGMOJ" name="ddt.ExcelReading" tests="1" failures="0" timestamp="6 May 2022 15:12:32 GMT" time="0.662" errors="0">
  <testcase name="updateExcel" time="0.662" classname="ddt.ExcelReading"/>
</testsuite> <!-- ddt.ExcelReading -->
