<?xml version="1.0" encoding="UTF-8"?>
<!-- Generated by org.testng.reporters.JUnitReportReporter -->
<testsuite skipped="0" hostname="DESKTOP-LLLGMOJ" name="day11.testngsamples.Example_Param7" tests="1" failures="0" timestamp="2022-05-09T20:30:46 IST" time="0.001" errors="0">
  <testcase name="login" time="0.001" classname="day11.testngsamples.Example_Param7"/>
  <system-out/>
</testsuite> <!-- day11.testngsamples.Example_Param7 -->
