<?xml version="1.0" encoding="UTF-8"?>
<!-- Generated by org.testng.reporters.JUnitReportReporter -->
<testsuite skipped="0" hostname="DESKTOP-LLLGMOJ" name="day24.webpagescripts.LoginLogout" tests="2" failures="0" timestamp="2022-05-09T18:36:03 IST" time="7.968" errors="0">
  <testcase name="testLoginFunctionality" time="6.292" classname="day24.webpagescripts.LoginLogout"/>
  <system-out/>
  <testcase name="testLogoutFunctionality" time="1.676" classname="day24.webpagescripts.LoginLogout"/>
  <system-out/>
</testsuite> <!-- day24.webpagescripts.LoginLogout -->
