<?xml version="1.0" encoding="UTF-8"?>
<!-- Generated by org.testng.reporters.JUnitReportReporter -->
<testsuite skipped="0" hostname="DESKTOP-LLLGMOJ" name="day22.testngadvxml.ParallelExecutionOfMethods" tests="2" failures="0" timestamp="2022-05-09T20:56:13 IST" time="22.422" errors="0">
  <testcase name="testCaseTwo" time="10.702" classname="day22.testngadvxml.ParallelExecutionOfMethods"/>
  <system-out/>
  <testcase name="testCaseOne" time="11.720" classname="day22.testngadvxml.ParallelExecutionOfMethods"/>
  <system-out/>
</testsuite> <!-- day22.testngadvxml.ParallelExecutionOfMethods -->
