<?xml version="1.0" encoding="UTF-8"?>
<!-- Generated by org.testng.reporters.JUnitReportReporter -->
<testsuite skipped="0" hostname="DESKTOP-LLLGMOJ" name="day24.webpagescripts.GoogleSearchScript" tests="1" failures="0" timestamp="2022-05-11T20:52:51 IST" time="7.871" errors="0">
  <testcase name="testCase" time="7.871" classname="day24.webpagescripts.GoogleSearchScript"/>
  <system-out/>
</testsuite> <!-- day24.webpagescripts.GoogleSearchScript -->
