<?xml version="1.0" encoding="UTF-8"?>
<!-- Generated by org.testng.reporters.JUnitReportReporter -->
<testsuite skipped="0" hostname="IB-Pune-LAP-386" name="webpagescripts.LoginLogout" tests="2" failures="0" timestamp="2022-08-18T16:05:25 IST" time="5.198" errors="0">
  <testcase name="testLogoutFunctionality" time="1.341" classname="webpagescripts.LoginLogout"/>
  <system-out/>
  <testcase name="testLoginFunctionality" time="3.857" classname="webpagescripts.LoginLogout"/>
  <system-out/>
</testsuite> <!-- webpagescripts.LoginLogout -->
