<?xml version="1.0" encoding="UTF-8"?>
<!-- Generated by org.testng.reporters.JUnitReportReporter -->
<testsuite skipped="0" hostname="DESKTOP-LLLGMOJ" name="exdentreport.ExtentDemo" tests="1" failures="0" timestamp="2022-05-10T21:07:51 IST" time="13.333" errors="0">
  <testcase name="extentReportsDemo" time="13.333" classname="exdentreport.ExtentDemo"/>
  <system-out/>
</testsuite> <!-- exdentreport.ExtentDemo -->
