<?xml version="1.0" encoding="UTF-8"?>
<!-- Generated by org.testng.reporters.JUnitReportReporter -->
<testsuite hostname="DESKTOP-LLLGMOJ" name="ddt.ExcelUpdate" tests="1" failures="0" timestamp="6 May 2022 15:16:28 GMT" time="10.876" errors="0">
  <testcase name="loginIntoActitme" time="10.876" classname="ddt.ExcelUpdate"/>
</testsuite> <!-- ddt.ExcelUpdate -->
