<?xml version="1.0" encoding="UTF-8"?>
<!-- Generated by org.testng.reporters.JUnitReportReporter -->
<testsuite skipped="0" hostname="DESKTOP-LLLGMOJ" name="day22.testngadvxml.GroupExamples" tests="2" failures="0" timestamp="2022-05-09T20:37:43 IST" time="0.014" errors="0">
  <testcase name="testCaseThree" time="0.002" classname="day22.testngadvxml.GroupExamples"/>
  <system-out/>
  <testcase name="testCaseFive" time="0.012" classname="day22.testngadvxml.GroupExamples"/>
  <system-out/>
</testsuite> <!-- day22.testngadvxml.GroupExamples -->
