<?xml version="1.0" encoding="UTF-8"?>
<!-- Generated by org.testng.reporters.JUnitReportReporter -->
<testsuite hostname="DESKTOP-LLLGMOJ" name="sampletest.Screenshot" tests="2" failures="0" timestamp="5 May 2022 03:12:24 GMT" time="13.814" errors="0">
  <testcase name="testScreenShot2" time="4.138" classname="sampletest.Screenshot"/>
  <testcase name="testScreenShot" time="9.676" classname="sampletest.Screenshot"/>
</testsuite> <!-- sampletest.Screenshot -->
