<?xml version="1.0" encoding="UTF-8"?>
<!-- Generated by org.testng.reporters.JUnitReportReporter -->
<testsuite skipped="0" hostname="DESKTOP-LLLGMOJ" name="day11.testngsamples.Example5" tests="2" failures="0" timestamp="2022-05-09T20:30:46 IST" time="0.011" errors="0">
  <testcase name="testCase6" time="0.001" classname="day11.testngsamples.Example5"/>
  <system-out/>
  <testcase name="testCase5" time="0.010" classname="day11.testngsamples.Example5"/>
  <system-out/>
</testsuite> <!-- day11.testngsamples.Example5 -->
