<?xml version="1.0" encoding="UTF-8"?>
<!-- Generated by org.testng.reporters.JUnitReportReporter -->
<testsuite skipped="0" hostname="DESKTOP-LLLGMOJ" name="day22.testngadvxml.DataProviderExample" tests="3" failures="0" timestamp="2022-05-09T20:52:11 IST" time="33.489" errors="0">
  <testcase name="testLoginOfVtiger" time="7.403" classname="day22.testngadvxml.DataProviderExample"/>
  <system-out/>
  <testcase name="testLoginOfVtiger" time="16.657" classname="day22.testngadvxml.DataProviderExample"/>
  <system-out/>
  <testcase name="testLoginOfVtiger" time="9.429" classname="day22.testngadvxml.DataProviderExample"/>
  <system-out/>
</testsuite> <!-- day22.testngadvxml.DataProviderExample -->
