<?xml version="1.0" encoding="UTF-8"?>
<!-- Generated by org.testng.reporters.JUnitReportReporter -->
<testsuite skipped="0" hostname="IB-Pune-LAP-386" name="com.Tests.TestExcelData" tests="2" failures="0" timestamp="2022-07-29T13:42:43 IST" time="4.044" errors="0">
  <testcase name="testRequest" time="0.138" classname="com.Tests.TestExcelData"/>
  <system-out/>
  <testcase name="testRequest" time="3.906" classname="com.Tests.TestExcelData"/>
  <system-out/>
</testsuite> <!-- com.Tests.TestExcelData -->
