<?xml version="1.0" encoding="UTF-8"?>
<!-- Generated by org.testng.reporters.JUnitReportReporter -->
<testsuite hostname="DESKTOP-LLLGMOJ" name="actitime.runner.TestRunner" tests="6" failures="0" timestamp="13 May 2022 01:23:41 GMT" time="89.176" errors="0">
  <testcase name="runScenario" time="12.795" classname="actitime.runner.TestRunner"/>
  <testcase name="runScenario" time="14.111" classname="actitime.runner.TestRunner"/>
  <testcase name="runScenario" time="16.750" classname="actitime.runner.TestRunner"/>
  <testcase name="runScenario" time="16.067" classname="actitime.runner.TestRunner"/>
  <testcase name="runScenario" time="18.300" classname="actitime.runner.TestRunner"/>
  <testcase name="runScenario" time="11.153" classname="actitime.runner.TestRunner"/>
</testsuite> <!-- actitime.runner.TestRunner -->
