<?xml version="1.0" encoding="UTF-8"?>
<!-- Generated by org.testng.reporters.JUnitReportReporter -->
<testsuite skipped="0" hostname="IB-Pune-LAP-386" name="TestNGIntegration.Test2" tests="1" failures="0" timestamp="2022-07-25T16:01:23 IST" time="2.473" errors="0">
  <testcase name="test2" time="2.473" classname="TestNGIntegration.Test2"/>
  <system-out/>
</testsuite> <!-- TestNGIntegration.Test2 -->
