<?xml version="1.0" encoding="UTF-8"?>
<!-- Generated by org.testng.reporters.JUnitReportReporter -->
<testsuite skipped="0" hostname="IB-Pune-LAP-386" name="TestNGIntegration.Test1" tests="2" failures="0" timestamp="2022-07-25T15:58:15 IST" time="4.127" errors="0">
  <testcase name="test1" time="0.884" classname="TestNGIntegration.Test1"/>
  <system-out/>
  <testcase name="test" time="3.243" classname="TestNGIntegration.Test1"/>
  <system-out/>
</testsuite> <!-- TestNGIntegration.Test1 -->
