<?xml version="1.0" encoding="UTF-8"?>
<!-- Generated by org.testng.reporters.JUnitReportReporter -->
<testsuite skipped="0" hostname="IB-Pune-LAP-386" name="tests.Test3" tests="1" failures="0" timestamp="2022-07-25T16:20:31 IST" time="1.604" errors="0">
  <testcase name="display" time="1.604" classname="tests.Test3"/>
  <system-out/>
</testsuite> <!-- tests.Test3 -->
