<?xml version="1.0" encoding="UTF-8"?>
<!-- Generated by org.testng.reporters.JUnitReportReporter -->
<testsuite skipped="0" hostname="IB-Pune-LAP-386" name="tests.Data_Provider" tests="2" failures="0" timestamp="2022-07-25T16:52:30 IST" time="4.678" errors="0">
  <testcase name="dataProvPayLoad" time="3.743" classname="tests.Data_Provider"/>
  <system-out/>
  <testcase name="dataProvPayLoad" time="0.935" classname="tests.Data_Provider"/>
  <system-out/>
</testsuite> <!-- tests.Data_Provider -->
