<?xml version="1.0" encoding="UTF-8"?>
<!-- Generated by org.testng.reporters.JUnitReportReporter -->
<testsuite skipped="0" hostname="IB-Pune-LAP-386" name="tests.Test4" tests="2" failures="0" timestamp="2022-07-25T16:30:49 IST" time="2.542" errors="0">
  <testcase name="verify" time="2.533" classname="tests.Test4"/>
  <system-out/>
  <testcase name="display" time="0.009" classname="tests.Test4"/>
  <system-out/>
</testsuite> <!-- tests.Test4 -->
